{"C:\\Users\\Lasi\\Desktop\\NODEJS\\NodeJsTeamWork\\data\\base\\base.data.js":{"path":"C:\\Users\\Lasi\\Desktop\\NODEJS\\NodeJsTeamWork\\data\\base\\base.data.js","s":{"1":1,"2":8,"3":8,"4":8,"5":8,"6":8,"7":2,"8":2,"9":1,"10":1,"11":4,"12":2,"13":2,"14":1,"15":1,"16":1,"17":1,"18":1,"19":3,"20":9,"21":1},"b":{"1":[1,1],"2":[1,1]},"f":{"1":8,"2":2,"3":2,"4":1,"5":1,"6":3,"7":9},"fnMap":{"1":{"name":"(anonymous_1)","line":4,"loc":{"start":{"line":4,"column":15},"end":{"line":4,"column":43}}},"2":{"name":"(anonymous_2)","line":12,"loc":{"start":{"line":12,"column":10},"end":{"line":12,"column":13}}},"3":{"name":"(anonymous_3)","line":26,"loc":{"start":{"line":26,"column":10},"end":{"line":26,"column":18}}},"4":{"name":"(anonymous_4)","line":36,"loc":{"start":{"line":36,"column":11},"end":{"line":36,"column":16}}},"5":{"name":"(anonymous_5)","line":41,"loc":{"start":{"line":41,"column":19},"end":{"line":41,"column":32}}},"6":{"name":"(anonymous_6)","line":47,"loc":{"start":{"line":47,"column":17},"end":{"line":47,"column":25}}},"7":{"name":"(anonymous_7)","line":51,"loc":{"start":{"line":51,"column":22},"end":{"line":51,"column":25}}}},"statementMap":{"1":{"start":{"line":1,"column":0},"end":{"line":1,"column":40}},"2":{"start":{"line":5,"column":8},"end":{"line":5,"column":21}},"3":{"start":{"line":6,"column":8},"end":{"line":6,"column":37}},"4":{"start":{"line":7,"column":8},"end":{"line":7,"column":35}},"5":{"start":{"line":8,"column":8},"end":{"line":8,"column":56}},"6":{"start":{"line":9,"column":8},"end":{"line":9,"column":66}},"7":{"start":{"line":13,"column":8},"end":{"line":15,"column":23}},"8":{"start":{"line":17,"column":8},"end":{"line":22,"column":9}},"9":{"start":{"line":18,"column":12},"end":{"line":21,"column":15}},"10":{"start":{"line":19,"column":16},"end":{"line":20,"column":56}},"11":{"start":{"line":20,"column":20},"end":{"line":20,"column":54}},"12":{"start":{"line":23,"column":8},"end":{"line":23,"column":22}},"13":{"start":{"line":27,"column":8},"end":{"line":29,"column":9}},"14":{"start":{"line":28,"column":12},"end":{"line":28,"column":51}},"15":{"start":{"line":30,"column":8},"end":{"line":33,"column":11}},"16":{"start":{"line":32,"column":12},"end":{"line":32,"column":54}},"17":{"start":{"line":38,"column":8},"end":{"line":38,"column":62}},"18":{"start":{"line":42,"column":8},"end":{"line":44,"column":11}},"19":{"start":{"line":48,"column":8},"end":{"line":48,"column":45}},"20":{"start":{"line":52,"column":8},"end":{"line":52,"column":56}},"21":{"start":{"line":56,"column":0},"end":{"line":56,"column":26}}},"branchMap":{"1":{"line":17,"type":"if","locations":[{"start":{"line":17,"column":8},"end":{"line":17,"column":8}},{"start":{"line":17,"column":8},"end":{"line":17,"column":8}}]},"2":{"line":27,"type":"if","locations":[{"start":{"line":27,"column":8},"end":{"line":27,"column":8}},{"start":{"line":27,"column":8},"end":{"line":27,"column":8}}]}}}}