TN:
SF:C:\Users\Lasi\Desktop\NODEJS\NodeJsTeamWork\data\base\base.data.js
FN:4,(anonymous_1)
FN:12,(anonymous_2)
FN:26,(anonymous_3)
FN:36,(anonymous_4)
FN:41,(anonymous_5)
FN:47,(anonymous_6)
FN:51,(anonymous_7)
FNF:7
FNH:5
FNDA:4,(anonymous_1)
FNDA:2,(anonymous_2)
FNDA:2,(anonymous_3)
FNDA:0,(anonymous_4)
FNDA:0,(anonymous_5)
FNDA:2,(anonymous_6)
FNDA:4,(anonymous_7)
DA:1,1
DA:5,4
DA:6,4
DA:7,4
DA:8,4
DA:9,4
DA:13,2
DA:17,2
DA:18,1
DA:19,1
DA:20,4
DA:23,2
DA:27,2
DA:28,1
DA:30,1
DA:32,1
DA:38,0
DA:42,0
DA:48,2
DA:52,4
DA:56,1
LF:21
LH:19
BRDA:17,1,0,1
BRDA:17,1,1,1
BRDA:27,2,0,1
BRDA:27,2,1,1
BRF:4
BRH:4
end_of_record
