TN:
SF:C:\Users\Lasi\Desktop\NODEJS\NodeJsTeamWork\data\base\base.data.js
FN:4,(anonymous_1)
FN:12,(anonymous_2)
FN:26,(anonymous_3)
FN:36,(anonymous_4)
FN:41,(anonymous_5)
FN:47,(anonymous_6)
FN:51,(anonymous_7)
FNF:7
FNH:7
FNDA:8,(anonymous_1)
FNDA:2,(anonymous_2)
FNDA:2,(anonymous_3)
FNDA:1,(anonymous_4)
FNDA:1,(anonymous_5)
FNDA:3,(anonymous_6)
FNDA:9,(anonymous_7)
DA:1,1
DA:5,8
DA:6,8
DA:7,8
DA:8,8
DA:9,8
DA:13,2
DA:17,2
DA:18,1
DA:19,1
DA:20,4
DA:23,2
DA:27,2
DA:28,1
DA:30,1
DA:32,1
DA:38,1
DA:42,1
DA:48,3
DA:52,9
DA:56,1
LF:21
LH:21
BRDA:17,1,0,1
BRDA:17,1,1,1
BRDA:27,2,0,1
BRDA:27,2,1,1
BRF:4
BRH:4
end_of_record
